\BOOKMARK [1][-]{section.1}{\376\377\000D\000e\000p\000l\000o\000y\000m\000e\000n\000t\000\040\000V\000i\000e\000w}{}% 1
\BOOKMARK [2][-]{subsection.1.1}{\376\377\000D\000e\000p\000l\000o\000y\000m\000e\000n\000t\000\040\000A\000r\000c\000h\000i\000t\000e\000c\000t\000u\000r\000e}{section.1}% 2
\BOOKMARK [2][-]{subsection.1.2}{\376\377\000T\000e\000c\000h\000n\000o\000l\000o\000g\000y\000\040\000S\000t\000a\000c\000k}{section.1}% 3
\BOOKMARK [3][-]{subsubsection.1.2.1}{\376\377\000F\000r\000o\000n\000t\000e\000n\000d\000\040\000T\000e\000c\000h\000n\000o\000l\000o\000g\000i\000e\000s}{subsection.1.2}% 4
\BOOKMARK [3][-]{subsubsection.1.2.2}{\376\377\000B\000a\000c\000k\000e\000n\000d\000\040\000T\000e\000c\000h\000n\000o\000l\000o\000g\000i\000e\000s}{subsection.1.2}% 5
\BOOKMARK [3][-]{subsubsection.1.2.3}{\376\377\000I\000n\000f\000r\000a\000s\000t\000r\000u\000c\000t\000u\000r\000e\000\040\000a\000n\000d\000\040\000D\000e\000v\000O\000p\000s}{subsection.1.2}% 6
\BOOKMARK [3][-]{subsubsection.1.2.4}{\376\377\000S\000u\000p\000p\000o\000r\000t\000i\000n\000g\000\040\000T\000e\000c\000h\000n\000o\000l\000o\000g\000i\000e\000s}{subsection.1.2}% 7
\BOOKMARK [3][-]{subsubsection.1.2.5}{\376\377\000M\000o\000r\000e\000o\000v\000e\000r\000\040\000A\000P\000I\000s}{subsection.1.2}% 8
\BOOKMARK [2][-]{subsection.1.3}{\376\377\000B\000u\000s\000i\000n\000e\000s\000s\000\040\000F\000l\000o\000w\000\040\000I\000n\000t\000e\000g\000r\000a\000t\000i\000o\000n}{section.1}% 9
\BOOKMARK [3][-]{subsubsection.1.3.1}{\376\377\000A\000u\000t\000h\000e\000n\000t\000i\000c\000a\000t\000i\000o\000n\000\040\000F\000l\000o\000w}{subsection.1.3}% 10
\BOOKMARK [3][-]{subsubsection.1.3.2}{\376\377\000B\000i\000l\000l\000i\000n\000g\000\040\000a\000n\000d\000\040\000P\000a\000y\000m\000e\000n\000t\000\040\000F\000l\000o\000w}{subsection.1.3}% 11
\BOOKMARK [3][-]{subsubsection.1.3.3}{\376\377\000I\000o\000T\000\040\000D\000a\000t\000a\000\040\000F\000l\000o\000w\000\040\000\050\000P\000l\000a\000n\000n\000e\000d\000\051}{subsection.1.3}% 12
\BOOKMARK [2][-]{subsection.1.4}{\376\377\000S\000e\000c\000u\000r\000i\000t\000y\000\040\000C\000o\000n\000s\000i\000d\000e\000r\000a\000t\000i\000o\000n\000s}{section.1}% 13
\BOOKMARK [3][-]{subsubsection.1.4.1}{\376\377\000D\000a\000t\000a\000\040\000P\000r\000o\000t\000e\000c\000t\000i\000o\000n}{subsection.1.4}% 14
\BOOKMARK [3][-]{subsubsection.1.4.2}{\376\377\000N\000e\000t\000w\000o\000r\000k\000\040\000S\000e\000c\000u\000r\000i\000t\000y}{subsection.1.4}% 15
\BOOKMARK [2][-]{subsection.1.5}{\376\377\000S\000c\000a\000l\000a\000b\000i\000l\000i\000t\000y\000\040\000a\000n\000d\000\040\000P\000e\000r\000f\000o\000r\000m\000a\000n\000c\000e}{section.1}% 16
\BOOKMARK [3][-]{subsubsection.1.5.1}{\376\377\000F\000r\000o\000n\000t\000e\000n\000d\000\040\000S\000c\000a\000l\000i\000n\000g}{subsection.1.5}% 17
\BOOKMARK [3][-]{subsubsection.1.5.2}{\376\377\000B\000a\000c\000k\000e\000n\000d\000\040\000S\000c\000a\000l\000i\000n\000g}{subsection.1.5}% 18
\BOOKMARK [3][-]{subsubsection.1.5.3}{\376\377\000D\000a\000t\000a\000b\000a\000s\000e\000\040\000S\000c\000a\000l\000i\000n\000g}{subsection.1.5}% 19
\BOOKMARK [1][-]{section.2}{\376\377\000D\000e\000v\000e\000l\000o\000p\000m\000e\000n\000t\000/\000I\000m\000p\000l\000e\000m\000e\000n\000t\000a\000t\000i\000o\000n\000\040\000V\000i\000e\000w}{}% 20
\BOOKMARK [2][-]{subsection.2.1}{\376\377\000A\000r\000c\000h\000i\000t\000e\000c\000t\000u\000r\000e\000\040\000O\000v\000e\000r\000v\000i\000e\000w}{section.2}% 21
\BOOKMARK [2][-]{subsection.2.2}{\376\377\000T\000e\000c\000h\000n\000o\000l\000o\000g\000y\000\040\000S\000t\000a\000c\000k}{section.2}% 22
\BOOKMARK [3][-]{subsubsection.2.2.1}{\376\377\000B\000a\000c\000k\000e\000n\000d\000\040\000T\000e\000c\000h\000n\000o\000l\000o\000g\000y\000\040\000S\000t\000a\000c\000k}{subsection.2.2}% 23
\BOOKMARK [3][-]{subsubsection.2.2.2}{\376\377\000F\000r\000o\000n\000t\000e\000n\000d\000\040\000T\000e\000c\000h\000n\000o\000l\000o\000g\000y\000\040\000S\000t\000a\000c\000k}{subsection.2.2}% 24
\BOOKMARK [2][-]{subsection.2.3}{\376\377\000P\000a\000c\000k\000a\000g\000e\000\040\000S\000t\000r\000u\000c\000t\000u\000r\000e}{section.2}% 25
\BOOKMARK [3][-]{subsubsection.2.3.1}{\376\377\000B\000a\000c\000k\000e\000n\000d\000\040\000P\000a\000c\000k\000a\000g\000e\000\040\000S\000t\000r\000u\000c\000t\000u\000r\000e}{subsection.2.3}% 26
\BOOKMARK [3][-]{subsubsection.2.3.2}{\376\377\000F\000r\000o\000n\000t\000e\000n\000d\000\040\000P\000a\000c\000k\000a\000g\000e\000\040\000S\000t\000r\000u\000c\000t\000u\000r\000e}{subsection.2.3}% 27
\BOOKMARK [2][-]{subsection.2.4}{\376\377\000D\000a\000t\000a\000\040\000F\000l\000o\000w\000\040\000A\000r\000c\000h\000i\000t\000e\000c\000t\000u\000r\000e}{section.2}% 28
\BOOKMARK [3][-]{subsubsection.2.4.1}{\376\377\000A\000u\000t\000h\000e\000n\000t\000i\000c\000a\000t\000i\000o\000n\000\040\000F\000l\000o\000w}{subsection.2.4}% 29
\BOOKMARK [3][-]{subsubsection.2.4.2}{\376\377\000P\000a\000r\000k\000i\000n\000g\000\040\000S\000e\000s\000s\000i\000o\000n\000\040\000F\000l\000o\000w}{subsection.2.4}% 30
\BOOKMARK [3][-]{subsubsection.2.4.3}{\376\377\000B\000i\000l\000l\000i\000n\000g\000\040\000a\000n\000d\000\040\000P\000a\000y\000m\000e\000n\000t\000\040\000F\000l\000o\000w}{subsection.2.4}% 31
\BOOKMARK [2][-]{subsection.2.5}{\376\377\000C\000o\000m\000p\000o\000n\000e\000n\000t\000\040\000R\000e\000l\000a\000t\000i\000o\000n\000s\000h\000i\000p\000s}{section.2}% 32
\BOOKMARK [3][-]{subsubsection.2.5.1}{\376\377\000B\000a\000c\000k\000e\000n\000d\000\040\000C\000o\000m\000p\000o\000n\000e\000n\000t\000\040\000D\000e\000p\000e\000n\000d\000e\000n\000c\000i\000e\000s}{subsection.2.5}% 33
\BOOKMARK [3][-]{subsubsection.2.5.2}{\376\377\000F\000r\000o\000n\000t\000e\000n\000d\000\040\000C\000o\000m\000p\000o\000n\000e\000n\000t\000\040\000D\000e\000p\000e\000n\000d\000e\000n\000c\000i\000e\000s}{subsection.2.5}% 34
\BOOKMARK [2][-]{subsection.2.6}{\376\377\000D\000e\000s\000i\000g\000n\000\040\000P\000a\000t\000t\000e\000r\000n\000s}{section.2}% 35
\BOOKMARK [3][-]{subsubsection.2.6.1}{\376\377\000B\000a\000c\000k\000e\000n\000d\000\040\000P\000a\000t\000t\000e\000r\000n\000s}{subsection.2.6}% 36
\BOOKMARK [3][-]{subsubsection.2.6.2}{\376\377\000F\000r\000o\000n\000t\000e\000n\000d\000\040\000P\000a\000t\000t\000e\000r\000n\000s}{subsection.2.6}% 37
\BOOKMARK [2][-]{subsection.2.7}{\376\377\000D\000e\000v\000e\000l\000o\000p\000m\000e\000n\000t\000\040\000W\000o\000r\000k\000f\000l\000o\000w}{section.2}% 38
\BOOKMARK [3][-]{subsubsection.2.7.1}{\376\377\000B\000a\000c\000k\000e\000n\000d\000\040\000D\000e\000v\000e\000l\000o\000p\000m\000e\000n\000t}{subsection.2.7}% 39
\BOOKMARK [3][-]{subsubsection.2.7.2}{\376\377\000F\000r\000o\000n\000t\000e\000n\000d\000\040\000D\000e\000v\000e\000l\000o\000p\000m\000e\000n\000t}{subsection.2.7}% 40
\BOOKMARK [1][-]{section.3}{\376\377\000C\000l\000a\000s\000s\000\040\000D\000i\000a\000g\000r\000a\000m}{}% 41
\BOOKMARK [2][-]{subsection.3.1}{\376\377\000C\000l\000a\000s\000s\000\040\000D\000i\000a\000g\000r\000a\000m\000\040\000O\000v\000e\000r\000v\000i\000e\000w}{section.3}% 42
\BOOKMARK [2][-]{subsection.3.2}{\376\377\000D\000o\000m\000a\000i\000n\000\040\000M\000o\000d\000e\000l\000\040\000C\000l\000a\000s\000s\000e\000s}{section.3}% 43
\BOOKMARK [3][-]{subsubsection.3.2.1}{\376\377\000C\000o\000r\000e\000\040\000E\000n\000t\000i\000t\000i\000e\000s}{subsection.3.2}% 44
\BOOKMARK [3][-]{subsubsection.3.2.2}{\376\377\000I\000o\000T\000\040\000a\000n\000d\000\040\000I\000n\000f\000r\000a\000s\000t\000r\000u\000c\000t\000u\000r\000e}{subsection.3.2}% 45
\BOOKMARK [3][-]{subsubsection.3.2.3}{\376\377\000B\000u\000s\000i\000n\000e\000s\000s\000\040\000E\000n\000t\000i\000t\000i\000e\000s}{subsection.3.2}% 46
\BOOKMARK [3][-]{subsubsection.3.2.4}{\376\377\000S\000u\000p\000p\000o\000r\000t\000i\000n\000g\000\040\000E\000n\000t\000i\000t\000i\000e\000s}{subsection.3.2}% 47
\BOOKMARK [2][-]{subsection.3.3}{\376\377\000S\000e\000r\000v\000i\000c\000e\000\040\000L\000a\000y\000e\000r\000\040\000C\000l\000a\000s\000s\000e\000s}{section.3}% 48
\BOOKMARK [3][-]{subsubsection.3.3.1}{\376\377\000B\000u\000s\000i\000n\000e\000s\000s\000\040\000S\000e\000r\000v\000i\000c\000e\000s}{subsection.3.3}% 49
\BOOKMARK [2][-]{subsection.3.4}{\376\377\000C\000o\000n\000t\000r\000o\000l\000l\000e\000r\000\040\000L\000a\000y\000e\000r\000\040\000C\000l\000a\000s\000s\000e\000s}{section.3}% 50
\BOOKMARK [3][-]{subsubsection.3.4.1}{\376\377\000A\000P\000I\000\040\000C\000o\000n\000t\000r\000o\000l\000l\000e\000r\000s}{subsection.3.4}% 51
\BOOKMARK [2][-]{subsection.3.5}{\376\377\000F\000r\000o\000n\000t\000e\000n\000d\000\040\000T\000y\000p\000e\000s}{section.3}% 52
\BOOKMARK [3][-]{subsubsection.3.5.1}{\376\377\000U\000I\000\040\000M\000a\000p\000p\000i\000n\000g\000\040\000T\000y\000p\000e\000s}{subsection.3.5}% 53
\BOOKMARK [2][-]{subsection.3.6}{\376\377\000K\000e\000y\000\040\000R\000e\000l\000a\000t\000i\000o\000n\000s\000h\000i\000p\000s}{section.3}% 54
\BOOKMARK [3][-]{subsubsection.3.6.1}{\376\377\000I\000n\000h\000e\000r\000i\000t\000a\000n\000c\000e\000\040\000R\000e\000l\000a\000t\000i\000o\000n\000s\000h\000i\000p\000s}{subsection.3.6}% 55
\BOOKMARK [3][-]{subsubsection.3.6.2}{\376\377\000A\000s\000s\000o\000c\000i\000a\000t\000i\000o\000n\000\040\000R\000e\000l\000a\000t\000i\000o\000n\000s\000h\000i\000p\000s}{subsection.3.6}% 56
\BOOKMARK [3][-]{subsubsection.3.6.3}{\376\377\000D\000e\000p\000e\000n\000d\000e\000n\000c\000y\000\040\000R\000e\000l\000a\000t\000i\000o\000n\000s\000h\000i\000p\000s}{subsection.3.6}% 57
\BOOKMARK [2][-]{subsection.3.7}{\376\377\000D\000e\000s\000i\000g\000n\000\040\000P\000a\000t\000t\000e\000r\000n\000s\000\040\000A\000p\000p\000l\000i\000e\000d}{section.3}% 58
\BOOKMARK [3][-]{subsubsection.3.7.1}{\376\377\000S\000t\000r\000u\000c\000t\000u\000r\000a\000l\000\040\000P\000a\000t\000t\000e\000r\000n\000s}{subsection.3.7}% 59
\BOOKMARK [3][-]{subsubsection.3.7.2}{\376\377\000B\000e\000h\000a\000v\000i\000o\000r\000a\000l\000\040\000P\000a\000t\000t\000e\000r\000n\000s}{subsection.3.7}% 60
\BOOKMARK [2][-]{subsection.3.8}{\376\377\000D\000a\000t\000a\000b\000a\000s\000e\000\040\000M\000a\000p\000p\000i\000n\000g}{section.3}% 61
\BOOKMARK [3][-]{subsubsection.3.8.1}{\376\377\000M\000o\000n\000g\000o\000D\000B\000\040\000C\000o\000l\000l\000e\000c\000t\000i\000o\000n\000s}{subsection.3.8}% 62
\BOOKMARK [3][-]{subsubsection.3.8.2}{\376\377\000I\000n\000d\000e\000x\000i\000n\000g\000\040\000S\000t\000r\000a\000t\000e\000g\000y}{subsection.3.8}% 63
\BOOKMARK [3][-]{subsubsection.3.8.3}{\376\377\000D\000e\000n\000o\000r\000m\000a\000l\000i\000z\000a\000t\000i\000o\000n\000\040\000S\000t\000r\000a\000t\000e\000g\000y}{subsection.3.8}% 64
\BOOKMARK [1][-]{section.4}{\376\377\000M\000e\000t\000h\000o\000d\000\040\000D\000e\000s\000c\000r\000i\000p\000t\000i\000o\000n\000s}{}% 65
\BOOKMARK [2][-]{subsection.4.1}{\376\377\000D\000o\000m\000a\000i\000n\000\040\000M\000o\000d\000e\000l\000\040\000M\000e\000t\000h\000o\000d\000s}{section.4}% 66
\BOOKMARK [3][-]{subsubsection.4.1.1}{\376\377\000U\000s\000e\000r\000\040\000C\000l\000a\000s\000s}{subsection.4.1}% 67
\BOOKMARK [3][-]{subsubsection.4.1.2}{\376\377\000P\000a\000r\000k\000i\000n\000g\000S\000e\000s\000s\000i\000o\000n\000\040\000C\000l\000a\000s\000s}{subsection.4.1}% 68
\BOOKMARK [3][-]{subsubsection.4.1.3}{\376\377\000Z\000o\000n\000e\000\040\000C\000l\000a\000s\000s}{subsection.4.1}% 69
\BOOKMARK [3][-]{subsubsection.4.1.4}{\376\377\000P\000a\000r\000k\000i\000n\000g\000S\000l\000o\000t\000\040\000C\000l\000a\000s\000s}{subsection.4.1}% 70
\BOOKMARK [3][-]{subsubsection.4.1.5}{\376\377\000I\000o\000T\000D\000e\000v\000i\000c\000e\000\040\000C\000l\000a\000s\000s\000e\000s}{subsection.4.1}% 71
\BOOKMARK [2][-]{subsection.4.2}{\376\377\000S\000e\000r\000v\000i\000c\000e\000\040\000L\000a\000y\000e\000r\000\040\000M\000e\000t\000h\000o\000d\000s}{section.4}% 72
\BOOKMARK [3][-]{subsubsection.4.2.1}{\376\377\000A\000u\000t\000h\000S\000e\000r\000v\000i\000c\000e\000\040\000C\000l\000a\000s\000s}{subsection.4.2}% 73
\BOOKMARK [3][-]{subsubsection.4.2.2}{\376\377\000B\000i\000l\000l\000i\000n\000g\000S\000e\000r\000v\000i\000c\000e\000\040\000C\000l\000a\000s\000s}{subsection.4.2}% 74
\BOOKMARK [3][-]{subsubsection.4.2.3}{\376\377\000N\000a\000v\000i\000g\000a\000t\000i\000o\000n\000S\000e\000r\000v\000i\000c\000e\000\040\000C\000l\000a\000s\000s}{subsection.4.2}% 75
\BOOKMARK [3][-]{subsubsection.4.2.4}{\376\377\000R\000e\000p\000o\000r\000t\000S\000e\000r\000v\000i\000c\000e\000\040\000C\000l\000a\000s\000s}{subsection.4.2}% 76
\BOOKMARK [3][-]{subsubsection.4.2.5}{\376\377\000S\000y\000s\000t\000e\000m\000A\000d\000m\000i\000n\000S\000e\000r\000v\000i\000c\000e\000\040\000C\000l\000a\000s\000s}{subsection.4.2}% 77
\BOOKMARK [3][-]{subsubsection.4.2.6}{\376\377\000S\000y\000s\000t\000e\000m\000L\000o\000g\000S\000e\000r\000v\000i\000c\000e\000\040\000C\000l\000a\000s\000s}{subsection.4.2}% 78
\BOOKMARK [2][-]{subsection.4.3}{\376\377\000C\000o\000n\000t\000r\000o\000l\000l\000e\000r\000\040\000L\000a\000y\000e\000r\000\040\000M\000e\000t\000h\000o\000d\000s}{section.4}% 79
\BOOKMARK [3][-]{subsubsection.4.3.1}{\376\377\000E\000n\000t\000r\000y\000E\000x\000i\000t\000C\000o\000n\000t\000r\000o\000l\000l\000e\000r\000\040\000C\000l\000a\000s\000s}{subsection.4.3}% 80
\BOOKMARK [3][-]{subsubsection.4.3.2}{\376\377\000P\000a\000y\000m\000e\000n\000t\000C\000o\000n\000t\000r\000o\000l\000l\000e\000r\000\040\000C\000l\000a\000s\000s}{subsection.4.3}% 81
\BOOKMARK [3][-]{subsubsection.4.3.3}{\376\377\000S\000e\000s\000s\000i\000o\000n\000C\000o\000n\000t\000r\000o\000l\000l\000e\000r\000\040\000C\000l\000a\000s\000s}{subsection.4.3}% 82
\BOOKMARK [2][-]{subsection.4.4}{\376\377\000F\000r\000o\000n\000t\000e\000n\000d\000\040\000C\000o\000m\000p\000o\000n\000e\000n\000t\000\040\000M\000e\000t\000h\000o\000d\000s}{section.4}% 83
\BOOKMARK [3][-]{subsubsection.4.4.1}{\376\377\000P\000l\000a\000c\000e\000d\000D\000e\000v\000i\000c\000e\000\040\000C\000l\000a\000s\000s}{subsection.4.4}% 84
\BOOKMARK [3][-]{subsubsection.4.4.2}{\376\377\000C\000a\000n\000v\000a\000s\000T\000r\000a\000n\000s\000f\000o\000r\000m\000\040\000C\000l\000a\000s\000s}{subsection.4.4}% 85
\BOOKMARK [3][-]{subsubsection.4.4.3}{\376\377\000P\000a\000r\000k\000i\000n\000g\000M\000a\000p\000\040\000C\000l\000a\000s\000s}{subsection.4.4}% 86
\BOOKMARK [2][-]{subsection.4.5}{\376\377\000S\000u\000p\000p\000o\000r\000t\000i\000n\000g\000\040\000C\000l\000a\000s\000s\000\040\000M\000e\000t\000h\000o\000d\000s}{section.4}% 87
\BOOKMARK [3][-]{subsubsection.4.5.1}{\376\377\000M\000a\000p\000p\000i\000n\000g\000C\000o\000n\000f\000i\000g\000\040\000C\000l\000a\000s\000s}{subsection.4.5}% 88
\BOOKMARK [3][-]{subsubsection.4.5.2}{\376\377\000I\000n\000f\000r\000a\000s\000t\000r\000u\000c\000t\000u\000r\000e\000A\000l\000e\000r\000t\000\040\000C\000l\000a\000s\000s}{subsection.4.5}% 89
\BOOKMARK [3][-]{subsubsection.4.5.3}{\376\377\000S\000y\000s\000t\000e\000m\000C\000o\000n\000f\000i\000g\000\040\000C\000l\000a\000s\000s}{subsection.4.5}% 90
\BOOKMARK [3][-]{subsubsection.4.5.4}{\376\377\000A\000u\000d\000i\000t\000L\000o\000g\000\040\000C\000l\000a\000s\000s}{subsection.4.5}% 91
\BOOKMARK [3][-]{subsubsection.4.5.5}{\376\377\000S\000y\000s\000t\000e\000m\000L\000o\000g\000\040\000C\000l\000a\000s\000s}{subsection.4.5}% 92
\BOOKMARK [3][-]{subsubsection.4.5.6}{\376\377\000T\000e\000m\000p\000o\000r\000a\000r\000y\000C\000a\000r\000d\000\040\000C\000l\000a\000s\000s}{subsection.4.5}% 93
\BOOKMARK [3][-]{subsubsection.4.5.7}{\376\377\000L\000o\000c\000a\000t\000i\000o\000n\000\040\000C\000l\000a\000s\000s}{subsection.4.5}% 94
\BOOKMARK [3][-]{subsubsection.4.5.8}{\376\377\000I\000n\000v\000o\000i\000c\000e\000\040\000C\000l\000a\000s\000s}{subsection.4.5}% 95
\BOOKMARK [1][-]{section.5}{\376\377\000T\000e\000s\000t\000\040\000C\000a\000s\000e\000s}{}% 96
\BOOKMARK [2][-]{subsection.5.1}{\376\377\000B\000a\000c\000k\000e\000n\000d\000\040\000U\000n\000i\000t\000\040\000T\000e\000s\000t\000s}{section.5}% 97
\BOOKMARK [3][-]{subsubsection.5.1.1}{\376\377\000A\000u\000t\000h\000e\000n\000t\000i\000c\000a\000t\000i\000o\000n\000\040\000M\000i\000d\000d\000l\000e\000w\000a\000r\000e\000\040\000T\000e\000s\000t\000s}{subsection.5.1}% 98
\BOOKMARK [3][-]{subsubsection.5.1.2}{\376\377\000U\000s\000e\000r\000\040\000M\000o\000d\000e\000l\000\040\000T\000e\000s\000t\000s}{subsection.5.1}% 99
\BOOKMARK [3][-]{subsubsection.5.1.3}{\376\377\000C\000a\000r\000d\000\040\000C\000o\000n\000t\000r\000o\000l\000l\000e\000r\000\040\000T\000e\000s\000t\000s}{subsection.5.1}% 100
\BOOKMARK [3][-]{subsubsection.5.1.4}{\376\377\000S\000e\000s\000s\000i\000o\000n\000\040\000C\000o\000n\000t\000r\000o\000l\000l\000e\000r\000\040\000T\000e\000s\000t\000s}{subsection.5.1}% 101
\BOOKMARK [2][-]{subsection.5.2}{\376\377\000F\000r\000o\000n\000t\000e\000n\000d\000\040\000U\000n\000i\000t\000\040\000T\000e\000s\000t\000s}{section.5}% 102
\BOOKMARK [3][-]{subsubsection.5.2.1}{\376\377\000A\000P\000I\000\040\000S\000e\000r\000v\000i\000c\000e\000\040\000T\000e\000s\000t\000s}{subsection.5.2}% 103
\BOOKMARK [3][-]{subsubsection.5.2.2}{\376\377\000M\000o\000n\000i\000t\000o\000r\000i\000n\000g\000\040\000S\000e\000r\000v\000i\000c\000e\000\040\000T\000e\000s\000t\000s}{subsection.5.2}% 104
\BOOKMARK [3][-]{subsubsection.5.2.3}{\376\377\000P\000r\000i\000c\000i\000n\000g\000\040\000P\000o\000l\000i\000c\000y\000\040\000S\000e\000r\000v\000i\000c\000e\000\040\000T\000e\000s\000t\000s}{subsection.5.2}% 105
\BOOKMARK [2][-]{subsection.5.3}{\376\377\000I\000n\000t\000e\000g\000r\000a\000t\000i\000o\000n\000\040\000T\000e\000s\000t\000\040\000S\000c\000e\000n\000a\000r\000i\000o\000s}{section.5}% 106
\BOOKMARK [3][-]{subsubsection.5.3.1}{\376\377\000A\000u\000t\000h\000e\000n\000t\000i\000c\000a\000t\000i\000o\000n\000\040\000F\000l\000o\000w\000\040\000I\000n\000t\000e\000g\000r\000a\000t\000i\000o\000n}{subsection.5.3}% 107
\BOOKMARK [3][-]{subsubsection.5.3.2}{\376\377\000P\000a\000r\000k\000i\000n\000g\000\040\000S\000e\000s\000s\000i\000o\000n\000\040\000F\000l\000o\000w\000\040\000I\000n\000t\000e\000g\000r\000a\000t\000i\000o\000n}{subsection.5.3}% 108
\BOOKMARK [3][-]{subsubsection.5.3.3}{\376\377\000P\000a\000y\000m\000e\000n\000t\000\040\000F\000l\000o\000w\000\040\000I\000n\000t\000e\000g\000r\000a\000t\000i\000o\000n}{subsection.5.3}% 109
\BOOKMARK [2][-]{subsection.5.4}{\376\377\000T\000e\000s\000t\000\040\000C\000o\000v\000e\000r\000a\000g\000e\000\040\000M\000e\000t\000r\000i\000c\000s}{section.5}% 110
\BOOKMARK [3][-]{subsubsection.5.4.1}{\376\377\000B\000a\000c\000k\000e\000n\000d\000\040\000T\000e\000s\000t\000\040\000C\000o\000v\000e\000r\000a\000g\000e}{subsection.5.4}% 111
\BOOKMARK [3][-]{subsubsection.5.4.2}{\376\377\000F\000r\000o\000n\000t\000e\000n\000d\000\040\000T\000e\000s\000t\000\040\000C\000o\000v\000e\000r\000a\000g\000e}{subsection.5.4}% 112
\BOOKMARK [2][-]{subsection.5.5}{\376\377\000T\000e\000s\000t\000\040\000E\000x\000e\000c\000u\000t\000i\000o\000n\000\040\000R\000e\000s\000u\000l\000t\000s}{section.5}% 113
\BOOKMARK [3][-]{subsubsection.5.5.1}{\376\377\000A\000u\000t\000o\000m\000a\000t\000e\000d\000\040\000T\000e\000s\000t\000\040\000S\000u\000i\000t\000e}{subsection.5.5}% 114
\BOOKMARK [3][-]{subsubsection.5.5.2}{\376\377\000P\000e\000r\000f\000o\000r\000m\000a\000n\000c\000e\000\040\000B\000e\000n\000c\000h\000m\000a\000r\000k\000s}{subsection.5.5}% 115
\BOOKMARK [2][-]{subsection.5.6}{\376\377\000Q\000u\000a\000l\000i\000t\000y\000\040\000A\000s\000s\000u\000r\000a\000n\000c\000e\000\040\000P\000r\000o\000c\000e\000s\000s}{section.5}% 116
\BOOKMARK [3][-]{subsubsection.5.6.1}{\376\377\000C\000o\000d\000e\000\040\000Q\000u\000a\000l\000i\000t\000y\000\040\000G\000a\000t\000e\000s}{subsection.5.6}% 117
\BOOKMARK [3][-]{subsubsection.5.6.2}{\376\377\000C\000o\000n\000t\000i\000n\000u\000o\000u\000s\000\040\000I\000n\000t\000e\000g\000r\000a\000t\000i\000o\000n\000\040\000P\000i\000p\000e\000l\000i\000n\000e}{subsection.5.6}% 118
