\BOOKMARK [1][-]{section.1}{\376\377\000A\000c\000t\000i\000v\000i\000t\000y\000\040\000D\000i\000a\000g\000r\000a\000m}{}% 1
\BOOKMARK [2][-]{subsection.1.1}{\376\377\000U\000C\000\040\0001\000.\0001\000\040\000-\000\040\000E\000n\000t\000e\000r\000\040\000P\000a\000r\000k\000i\000n\000g\000\040\000\050\000L\000e\000a\000r\000n\000e\000r\000s\000/\000F\000a\000c\000u\000l\000t\000y\000\051}{section.1}% 2
\BOOKMARK [2][-]{subsection.1.2}{\376\377\000U\000C\000\040\0001\000.\0002\000\040\000-\000\040\000E\000n\000t\000e\000r\000\040\000P\000a\000r\000k\000i\000n\000g\000\040\000\050\000T\000e\000m\000p\000o\000r\000a\000r\000y\000\040\000V\000i\000s\000i\000t\000o\000r\000s\000\051}{section.1}% 3
\BOOKMARK [2][-]{subsection.1.3}{\376\377\000U\000C\000\040\0001\000.\0003\000\040\000-\000\040\000E\000x\000i\000t\000\040\000P\000a\000r\000k\000i\000n\000g\000\040\000\050\000L\000e\000a\000r\000n\000e\000r\000s\000/\000F\000a\000c\000u\000l\000t\000y\000\051}{section.1}% 4
\BOOKMARK [2][-]{subsection.1.4}{\376\377\000U\000C\000\040\0001\000.\0004\000\040\000-\000\040\000E\000x\000i\000t\000\040\000P\000a\000r\000k\000i\000n\000g\000\040\000\050\000T\000e\000m\000p\000o\000r\000a\000r\000y\000\040\000V\000i\000s\000i\000t\000o\000r\000s\000\051}{section.1}% 5
\BOOKMARK [2][-]{subsection.1.5}{\376\377\000U\000C\000\040\0001\000.\0005\000\040\000-\000\040\000M\000a\000n\000u\000a\000l\000\040\000B\000a\000r\000r\000i\000e\000r\000\040\000C\000o\000n\000t\000r\000o\000l}{section.1}% 6
\BOOKMARK [2][-]{subsection.1.6}{\376\377\000U\000C\000\040\0001\000.\0006\000\040\000-\000\040\000H\000a\000n\000d\000l\000e\000\040\000L\000o\000s\000t\000\040\000T\000e\000m\000p\000o\000r\000a\000r\000y\000\040\000C\000a\000r\000d}{section.1}% 7
\BOOKMARK [2][-]{subsection.1.7}{\376\377\000U\000C\000\040\0001\000.\0007\000\040\000-\000\040\000H\000a\000n\000d\000l\000e\000\040\000L\000o\000s\000t\000\040\000M\000a\000i\000n\000\040\000U\000s\000e\000r\000\040\000C\000a\000r\000d}{section.1}% 8
\BOOKMARK [2][-]{subsection.1.8}{\376\377\000U\000C\000\040\0001\000.\0008\000\040\000-\000\040\000H\000a\000n\000d\000l\000e\000\040\000P\000a\000r\000k\000i\000n\000g\000\040\000F\000u\000l\000l\000\040\000S\000t\000a\000t\000e}{section.1}% 9
\BOOKMARK [2][-]{subsection.1.9}{\376\377\000U\000C\000\040\0002\000.\0001\000\040\000-\000\040\000P\000a\000r\000k\000i\000n\000g\000\040\000w\000i\000t\000h\000\040\000S\000i\000g\000n\000a\000g\000e\000\040\000G\000u\000i\000d\000a\000n\000c\000e}{section.1}% 10
\BOOKMARK [2][-]{subsection.1.10}{\376\377\000U\000C\000\040\0002\000.\0002\000\040\000-\000\040\000V\000i\000e\000w\000\040\000\046\000\040\000M\000a\000n\000a\000g\000e\000\040\000P\000a\000r\000k\000i\000n\000g\000\040\000A\000v\000a\000i\000l\000a\000b\000i\000l\000i\000t\000y}{section.1}% 11
\BOOKMARK [2][-]{subsection.1.11}{\376\377\000U\000C\000\040\0002\000.\0003\000\040\000-\000\040\000I\000o\000T\000\040\000D\000e\000v\000i\000c\000e\000\040\000\046\000\040\000L\000a\000y\000o\000u\000t\000\040\000M\000a\000p\000p\000i\000n\000g}{section.1}% 12
\BOOKMARK [2][-]{subsection.1.12}{\376\377\000U\000C\000\040\0002\000.\0004\000\040\000-\000\040\000I\000n\000f\000r\000a\000s\000t\000r\000u\000c\000t\000u\000r\000e\000\040\000A\000l\000e\000r\000t\000\040\000H\000a\000n\000d\000l\000i\000n\000g}{section.1}% 13
\BOOKMARK [2][-]{subsection.1.13}{\376\377\000U\000C\000\040\0002\000.\0005\000\040\000-\000\040\000P\000e\000r\000s\000o\000n\000a\000l\000\040\000I\000n\000f\000o\000\040\000\046\000\040\000P\000a\000r\000k\000i\000n\000g\000\040\000H\000i\000s\000t\000o\000r\000y}{section.1}% 14
\BOOKMARK [2][-]{subsection.1.14}{\376\377\000U\000C\000\040\0003\000.\0001\000\040\000-\000\040\000P\000e\000r\000i\000o\000d\000i\000c\000\040\000P\000a\000r\000k\000i\000n\000g\000\040\000F\000e\000e\000\040\000P\000a\000y\000m\000e\000n\000t}{section.1}% 15
\BOOKMARK [2][-]{subsection.1.15}{\376\377\000U\000C\000\040\0003\000.\0002\000\040\000-\000\040\000T\000e\000m\000p\000o\000r\000a\000r\000y\000\040\000V\000i\000s\000i\000t\000o\000r\000\040\000F\000e\000e\000\040\000P\000a\000y\000m\000e\000n\000t}{section.1}% 16
\BOOKMARK [2][-]{subsection.1.16}{\376\377\000U\000C\000\040\0003\000.\0003\000\040\000-\000\040\000P\000r\000i\000c\000i\000n\000g\000\040\000P\000o\000l\000i\000c\000y\000\040\000C\000o\000n\000f\000i\000g\000u\000r\000a\000t\000i\000o\000n}{section.1}% 17
\BOOKMARK [2][-]{subsection.1.17}{\376\377\000U\000C\000\040\0003\000.\0004\000\040\000-\000\040\000V\000i\000e\000w\000\040\000B\000i\000l\000l\000i\000n\000g\000\040\000H\000i\000s\000t\000o\000r\000y}{section.1}% 18
\BOOKMARK [2][-]{subsection.1.18}{\376\377\000U\000C\000\040\0003\000.\0005\000\040\000-\000\040\000O\000v\000e\000r\000a\000l\000l\000\040\000F\000i\000n\000a\000n\000c\000i\000a\000l\000\040\000R\000e\000p\000o\000r\000t\000i\000n\000g}{section.1}% 19
\BOOKMARK [2][-]{subsection.1.19}{\376\377\000U\000C\000\040\0003\000.\0006\000\040\000-\000\040\000P\000a\000y\000m\000e\000n\000t\000\040\000I\000s\000s\000u\000e\000\040\000R\000e\000p\000o\000r\000t\000i\000n\000g}{section.1}% 20
\BOOKMARK [2][-]{subsection.1.20}{\376\377\000U\000C\000\040\0003\000.\0007\000\040\000-\000\040\000F\000i\000n\000a\000n\000c\000i\000a\000l\000\040\000D\000a\000t\000a\000\040\000R\000e\000c\000o\000n\000c\000i\000l\000i\000a\000t\000i\000o\000n}{section.1}% 21
\BOOKMARK [2][-]{subsection.1.21}{\376\377\000U\000C\000\040\0004\000.\0001\000\040\000-\000\040\000W\000e\000b\000\040\000A\000u\000t\000h\000e\000n\000t\000i\000c\000a\000t\000i\000o\000n\000\040\000\050\000S\000S\000O\000\051}{section.1}% 22
\BOOKMARK [2][-]{subsection.1.22}{\376\377\000U\000C\000\040\0004\000.\0002\000\040\000-\000\040\000U\000s\000e\000r\000\040\000\046\000\040\000S\000e\000s\000s\000i\000o\000n\000\040\000M\000a\000n\000a\000g\000e\000m\000e\000n\000t}{section.1}% 23
\BOOKMARK [2][-]{subsection.1.23}{\376\377\000U\000C\000\040\0004\000.\0003\000\040\000-\000\040\000R\000o\000l\000e\000-\000B\000a\000s\000e\000d\000\040\000A\000c\000c\000e\000s\000s\000\040\000C\000o\000n\000t\000r\000o\000l\000\040\000\050\000R\000B\000A\000C\000\051}{section.1}% 24
\BOOKMARK [2][-]{subsection.1.24}{\376\377\000U\000C\000\040\0004\000.\0004\000\040\000-\000\040\000S\000y\000s\000t\000e\000m\000\040\000A\000u\000d\000i\000t\000\040\000L\000o\000g\000g\000i\000n\000g}{section.1}% 25
\BOOKMARK [2][-]{subsection.1.25}{\376\377\000U\000C\000\040\0004\000.\0005\000\040\000-\000\040\000S\000y\000s\000t\000e\000m\000\040\000S\000t\000a\000t\000i\000s\000t\000i\000c\000s\000\040\000M\000o\000n\000i\000t\000o\000r\000i\000n\000g}{section.1}% 26
\BOOKMARK [2][-]{subsection.1.26}{\376\377\000U\000C\000\040\0004\000.\0006\000\040\000-\000\040\000I\000o\000T\000\040\000D\000e\000v\000i\000c\000e\000\040\000L\000i\000s\000t\000\040\000M\000a\000n\000a\000g\000e\000m\000e\000n\000t}{section.1}% 27
\BOOKMARK [2][-]{subsection.1.27}{\376\377\000U\000C\000\040\0004\000.\0007\000\040\000-\000\040\000S\000y\000s\000t\000e\000m\000\040\000S\000e\000t\000t\000i\000n\000g\000s\000\040\000C\000o\000n\000f\000i\000g\000u\000r\000a\000t\000i\000o\000n}{section.1}% 28
\BOOKMARK [1][-]{section.2}{\376\377\000S\000e\000q\000u\000e\000n\000c\000e\000\040\000D\000i\000a\000g\000r\000a\000m}{}% 29
\BOOKMARK [2][-]{subsection.2.1}{\376\377\000U\000C\000\040\0001\000.\0001\000\040\000-\000\040\000E\000n\000t\000e\000r\000\040\000P\000a\000r\000k\000i\000n\000g\000\040\000\050\000L\000e\000a\000r\000n\000e\000r\000s\000/\000F\000a\000c\000u\000l\000t\000y\000\051}{section.2}% 30
\BOOKMARK [2][-]{subsection.2.2}{\376\377\000U\000C\000\040\0001\000.\0002\000\040\000-\000\040\000E\000n\000t\000e\000r\000\040\000P\000a\000r\000k\000i\000n\000g\000\040\000\050\000T\000e\000m\000p\000o\000r\000a\000r\000y\000\040\000V\000i\000s\000i\000t\000o\000r\000s\000\051}{section.2}% 31
\BOOKMARK [2][-]{subsection.2.3}{\376\377\000U\000C\000\040\0001\000.\0003\000\040\000-\000\040\000E\000x\000i\000t\000\040\000P\000a\000r\000k\000i\000n\000g\000\040\000\050\000L\000e\000a\000r\000n\000e\000r\000s\000/\000F\000a\000c\000u\000l\000t\000y\000\051}{section.2}% 32
\BOOKMARK [2][-]{subsection.2.4}{\376\377\000U\000C\000\040\0001\000.\0004\000\040\000-\000\040\000E\000x\000i\000t\000\040\000P\000a\000r\000k\000i\000n\000g\000\040\000\050\000T\000e\000m\000p\000o\000r\000a\000r\000y\000\040\000V\000i\000s\000i\000t\000o\000r\000s\000\051}{section.2}% 33
\BOOKMARK [2][-]{subsection.2.5}{\376\377\000U\000C\000\040\0001\000.\0005\000\040\000-\000\040\000M\000a\000n\000u\000a\000l\000\040\000B\000a\000r\000r\000i\000e\000r\000\040\000C\000o\000n\000t\000r\000o\000l}{section.2}% 34
\BOOKMARK [2][-]{subsection.2.6}{\376\377\000U\000C\000\040\0001\000.\0006\000\040\000-\000\040\000H\000a\000n\000d\000l\000e\000\040\000L\000o\000s\000t\000\040\000T\000e\000m\000p\000o\000r\000a\000r\000y\000\040\000C\000a\000r\000d}{section.2}% 35
\BOOKMARK [2][-]{subsection.2.7}{\376\377\000U\000C\000\040\0001\000.\0007\000\040\000-\000\040\000H\000a\000n\000d\000l\000e\000\040\000L\000o\000s\000t\000\040\000M\000a\000i\000n\000\040\000U\000s\000e\000r\000\040\000C\000a\000r\000d}{section.2}% 36
\BOOKMARK [2][-]{subsection.2.8}{\376\377\000U\000C\000\040\0001\000.\0008\000\040\000-\000\040\000H\000a\000n\000d\000l\000e\000\040\000P\000a\000r\000k\000i\000n\000g\000\040\000F\000u\000l\000l\000\040\000S\000t\000a\000t\000e}{section.2}% 37
\BOOKMARK [2][-]{subsection.2.9}{\376\377\000U\000C\000\040\0002\000.\0001\000\040\000-\000\040\000P\000a\000r\000k\000i\000n\000g\000\040\000w\000i\000t\000h\000\040\000S\000i\000g\000n\000a\000g\000e\000\040\000G\000u\000i\000d\000a\000n\000c\000e}{section.2}% 38
\BOOKMARK [2][-]{subsection.2.10}{\376\377\000U\000C\000\040\0002\000.\0002\000\040\000-\000\040\000V\000i\000e\000w\000\040\000\046\000\040\000M\000a\000n\000a\000g\000e\000\040\000P\000a\000r\000k\000i\000n\000g\000\040\000A\000v\000a\000i\000l\000a\000b\000i\000l\000i\000t\000y}{section.2}% 39
\BOOKMARK [2][-]{subsection.2.11}{\376\377\000U\000C\000\040\0002\000.\0003\000\040\000-\000\040\000I\000o\000T\000\040\000D\000e\000v\000i\000c\000e\000\040\000\046\000\040\000L\000a\000y\000o\000u\000t\000\040\000M\000a\000p\000p\000i\000n\000g}{section.2}% 40
\BOOKMARK [2][-]{subsection.2.12}{\376\377\000U\000C\000\040\0002\000.\0004\000\040\000-\000\040\000I\000n\000f\000r\000a\000s\000t\000r\000u\000c\000t\000u\000r\000e\000\040\000A\000l\000e\000r\000t\000\040\000H\000a\000n\000d\000l\000i\000n\000g}{section.2}% 41
\BOOKMARK [2][-]{subsection.2.13}{\376\377\000U\000C\000\040\0002\000.\0005\000\040\000-\000\040\000P\000e\000r\000s\000o\000n\000a\000l\000\040\000I\000n\000f\000o\000\040\000\046\000\040\000P\000a\000r\000k\000i\000n\000g\000\040\000H\000i\000s\000t\000o\000r\000y}{section.2}% 42
\BOOKMARK [2][-]{subsection.2.14}{\376\377\000U\000C\000\040\0003\000.\0001\000\040\000-\000\040\000P\000e\000r\000i\000o\000d\000i\000c\000\040\000P\000a\000r\000k\000i\000n\000g\000\040\000F\000e\000e\000\040\000P\000a\000y\000m\000e\000n\000t}{section.2}% 43
\BOOKMARK [2][-]{subsection.2.15}{\376\377\000U\000C\000\040\0003\000.\0002\000\040\000-\000\040\000T\000e\000m\000p\000o\000r\000a\000r\000y\000\040\000V\000i\000s\000i\000t\000o\000r\000\040\000F\000e\000e\000\040\000P\000a\000y\000m\000e\000n\000t}{section.2}% 44
\BOOKMARK [2][-]{subsection.2.16}{\376\377\000U\000C\000\040\0003\000.\0003\000\040\000-\000\040\000P\000r\000i\000c\000i\000n\000g\000\040\000P\000o\000l\000i\000c\000y\000\040\000C\000o\000n\000f\000i\000g\000u\000r\000a\000t\000i\000o\000n}{section.2}% 45
\BOOKMARK [2][-]{subsection.2.17}{\376\377\000U\000C\000\040\0003\000.\0004\000\040\000-\000\040\000V\000i\000e\000w\000\040\000B\000i\000l\000l\000i\000n\000g\000\040\000H\000i\000s\000t\000o\000r\000y}{section.2}% 46
\BOOKMARK [2][-]{subsection.2.18}{\376\377\000U\000C\000\040\0003\000.\0005\000\040\000-\000\040\000O\000v\000e\000r\000a\000l\000l\000\040\000F\000i\000n\000a\000n\000c\000i\000a\000l\000\040\000R\000e\000p\000o\000r\000t\000i\000n\000g}{section.2}% 47
\BOOKMARK [2][-]{subsection.2.19}{\376\377\000U\000C\000\040\0003\000.\0006\000\040\000-\000\040\000P\000a\000y\000m\000e\000n\000t\000\040\000I\000s\000s\000u\000e\000\040\000R\000e\000p\000o\000r\000t\000i\000n\000g}{section.2}% 48
\BOOKMARK [2][-]{subsection.2.20}{\376\377\000U\000C\000\040\0003\000.\0007\000\040\000-\000\040\000F\000i\000n\000a\000n\000c\000i\000a\000l\000\040\000D\000a\000t\000a\000\040\000R\000e\000c\000o\000n\000c\000i\000l\000i\000a\000t\000i\000o\000n}{section.2}% 49
\BOOKMARK [2][-]{subsection.2.21}{\376\377\000U\000C\000\040\0004\000.\0001\000\040\000-\000\040\000W\000e\000b\000\040\000A\000u\000t\000h\000e\000n\000t\000i\000c\000a\000t\000i\000o\000n\000\040\000\050\000S\000S\000O\000\051}{section.2}% 50
\BOOKMARK [2][-]{subsection.2.22}{\376\377\000U\000C\000\040\0004\000.\0002\000\040\000-\000\040\000U\000s\000e\000r\000\040\000\046\000\040\000S\000e\000s\000s\000i\000o\000n\000\040\000M\000a\000n\000a\000g\000e\000m\000e\000n\000t}{section.2}% 51
\BOOKMARK [2][-]{subsection.2.23}{\376\377\000U\000C\000\040\0004\000.\0003\000\040\000-\000\040\000R\000o\000l\000e\000-\000B\000a\000s\000e\000d\000\040\000A\000c\000c\000e\000s\000s\000\040\000C\000o\000n\000t\000r\000o\000l\000\040\000\050\000R\000B\000A\000C\000\051}{section.2}% 52
\BOOKMARK [2][-]{subsection.2.24}{\376\377\000U\000C\000\040\0004\000.\0004\000\040\000-\000\040\000S\000y\000s\000t\000e\000m\000\040\000A\000u\000d\000i\000t\000\040\000L\000o\000g\000g\000i\000n\000g}{section.2}% 53
\BOOKMARK [2][-]{subsection.2.25}{\376\377\000U\000C\000\040\0004\000.\0005\000\040\000-\000\040\000S\000y\000s\000t\000e\000m\000\040\000S\000t\000a\000t\000i\000s\000t\000i\000c\000s\000\040\000M\000o\000n\000i\000t\000o\000r\000i\000n\000g}{section.2}% 54
\BOOKMARK [2][-]{subsection.2.26}{\376\377\000U\000C\000\040\0004\000.\0006\000\040\000-\000\040\000I\000o\000T\000\040\000D\000e\000v\000i\000c\000e\000\040\000L\000i\000s\000t\000\040\000M\000a\000n\000a\000g\000e\000m\000e\000n\000t}{section.2}% 55
\BOOKMARK [2][-]{subsection.2.27}{\376\377\000U\000C\000\040\0004\000.\0007\000\040\000-\000\040\000S\000y\000s\000t\000e\000m\000\040\000S\000e\000t\000t\000i\000n\000g\000s\000\040\000C\000o\000n\000f\000i\000g\000u\000r\000a\000t\000i\000o\000n}{section.2}% 56
\BOOKMARK [1][-]{section.3}{\376\377\000S\000t\000a\000t\000e\000-\000c\000h\000a\000r\000t\000\040\000D\000i\000a\000g\000r\000a\000m}{}% 57
\BOOKMARK [2][-]{subsection.3.1}{\376\377\000G\000a\000t\000e\000w\000a\000y\000\040\000S\000t\000a\000t\000e\000\040\000D\000i\000a\000g\000r\000a\000m}{section.3}% 58
\BOOKMARK [2][-]{subsection.3.2}{\376\377\000P\000a\000r\000k\000i\000n\000g\000\040\000S\000e\000s\000s\000i\000o\000n\000\040\000S\000t\000a\000t\000e\000\040\000D\000i\000a\000g\000r\000a\000m}{section.3}% 59
\BOOKMARK [2][-]{subsection.3.3}{\376\377\000P\000a\000r\000k\000i\000n\000g\000\040\000S\000l\000o\000t\000\040\000S\000t\000a\000t\000e\000\040\000D\000i\000a\000g\000r\000a\000m}{section.3}% 60
\BOOKMARK [2][-]{subsection.3.4}{\376\377\000I\000o\000T\000\040\000D\000e\000v\000i\000c\000e\000\040\000S\000t\000a\000t\000e\000\040\000D\000i\000a\000g\000r\000a\000m}{section.3}% 61
\BOOKMARK [2][-]{subsection.3.5}{\376\377\000T\000e\000m\000p\000o\000r\000a\000r\000y\000\040\000C\000a\000r\000d\000\040\000S\000t\000a\000t\000e\000\040\000D\000i\000a\000g\000r\000a\000m}{section.3}% 62
\BOOKMARK [1][-]{section.4}{\376\377\000U\000I\000\040\000M\000o\000c\000k\000u\000p}{}% 63
\BOOKMARK [2][-]{subsection.4.1}{\376\377\000L\000o\000g\000i\000n\000\040\000S\000c\000r\000e\000e\000n}{section.4}% 64
\BOOKMARK [2][-]{subsection.4.2}{\376\377\000M\000a\000i\000n\000\040\000U\000s\000e\000r\000\040\000D\000a\000s\000h\000b\000o\000a\000r\000d}{section.4}% 65
\BOOKMARK [2][-]{subsection.4.3}{\376\377\000P\000a\000r\000k\000i\000n\000g\000\040\000H\000i\000s\000t\000o\000r\000y}{section.4}% 66
\BOOKMARK [2][-]{subsection.4.4}{\376\377\000B\000i\000l\000l\000i\000n\000g\000\040\000H\000i\000s\000t\000o\000r\000y}{section.4}% 67
\BOOKMARK [2][-]{subsection.4.5}{\376\377\000P\000e\000r\000s\000o\000n\000a\000l\000\040\000I\000n\000f\000o}{section.4}% 68
\BOOKMARK [2][-]{subsection.4.6}{\376\377\000L\000i\000v\000e\000\040\000P\000a\000r\000k\000i\000n\000g\000\040\000M\000o\000n\000i\000t\000o\000r\000i\000n\000g}{section.4}% 69
\BOOKMARK [2][-]{subsection.4.7}{\376\377\000G\000a\000t\000e\000w\000a\000y\000\040\000D\000a\000s\000h\000b\000o\000a\000r\000d}{section.4}% 70
\BOOKMARK [2][-]{subsection.4.8}{\376\377\000G\000a\000t\000e\000w\000a\000y\000\040\000E\000n\000t\000r\000y\000\040\000S\000c\000r\000e\000e\000n}{section.4}% 71
\BOOKMARK [2][-]{subsection.4.9}{\376\377\000G\000a\000t\000e\000w\000a\000y\000\040\000E\000x\000i\000t\000\040\000S\000c\000r\000e\000e\000n}{section.4}% 72
\BOOKMARK [2][-]{subsection.4.10}{\376\377\000C\000a\000r\000d\000\040\000P\000r\000o\000c\000e\000s\000s\000i\000n\000g}{section.4}% 73
\BOOKMARK [2][-]{subsection.4.11}{\376\377\000F\000i\000n\000a\000n\000c\000i\000a\000l\000\040\000A\000n\000a\000l\000y\000s\000i\000s}{section.4}% 74
\BOOKMARK [2][-]{subsection.4.12}{\376\377\000S\000y\000s\000t\000e\000m\000\040\000S\000t\000a\000t\000i\000s\000t\000i\000c\000s}{section.4}% 75
\BOOKMARK [2][-]{subsection.4.13}{\376\377\000P\000r\000i\000c\000i\000n\000g\000\040\000P\000o\000l\000i\000c\000y\000\040\000C\000o\000n\000f\000i\000g\000u\000r\000a\000t\000i\000o\000n}{section.4}% 76
\BOOKMARK [2][-]{subsection.4.14}{\376\377\000F\000i\000n\000a\000n\000c\000i\000a\000l\000\040\000R\000e\000c\000o\000n\000c\000i\000l\000i\000a\000t\000i\000o\000n\000\040\000S\000c\000r\000e\000e\000n}{section.4}% 77
\BOOKMARK [2][-]{subsection.4.15}{\376\377\000A\000d\000m\000i\000n\000\040\000D\000a\000s\000h\000b\000o\000a\000r\000d}{section.4}% 78
\BOOKMARK [2][-]{subsection.4.16}{\376\377\000L\000a\000y\000o\000u\000t\000\040\000M\000a\000p\000p\000i\000n\000g}{section.4}% 79
\BOOKMARK [2][-]{subsection.4.17}{\376\377\000I\000o\000T\000\040\000D\000e\000v\000i\000c\000e\000s\000\040\000L\000i\000s\000t}{section.4}% 80
\BOOKMARK [2][-]{subsection.4.18}{\376\377\000U\000s\000e\000r\000\040\000M\000a\000n\000a\000g\000e\000m\000e\000n\000t\000\040\000\046\000\040\000P\000e\000r\000m\000i\000s\000s\000i\000o\000n\000s}{section.4}% 81
\BOOKMARK [2][-]{subsection.4.19}{\376\377\000A\000u\000d\000i\000t\000\040\000L\000o\000g}{section.4}% 82
\BOOKMARK [2][-]{subsection.4.20}{\376\377\000S\000y\000s\000t\000e\000m\000\040\000C\000o\000n\000f\000i\000g\000u\000r\000a\000t\000i\000o\000n}{section.4}% 83
